[0.009s] Invoking command in '/home/ashy/baja_ws/build/vehicle': /usr/bin/cmake --build /home/ashy/baja_ws/build/vehicle -- -j16 -l16
[0.028s] -- Found ament_cmake: 1.3.10 (/opt/ros/humble/share/ament_cmake/cmake)
[0.099s] -- Found rclpy: 3.3.14 (/opt/ros/humble/share/rclpy/cmake)
[0.099s] -- Found rclcpp: 16.0.10 (/opt/ros/humble/share/rclcpp/cmake)
[0.117s] -- Found rosidl_generator_c: 3.1.5 (/opt/ros/humble/share/rosidl_generator_c/cmake)
[0.118s] -- Found rosidl_adapter: 3.1.5 (/opt/ros/humble/share/rosidl_adapter/cmake)
[0.121s] -- Found rosidl_generator_cpp: 3.1.5 (/opt/ros/humble/share/rosidl_generator_cpp/cmake)
[0.126s] -- Using all available rosidl_typesupport_c: rosidl_typesupport_fastrtps_c;rosidl_typesupport_introspection_c
[0.132s] -- Using all available rosidl_typesupport_cpp: rosidl_typesupport_fastrtps_cpp;rosidl_typesupport_introspection_cpp
[0.150s] -- Found rmw_implementation_cmake: 6.1.2 (/opt/ros/humble/share/rmw_implementation_cmake/cmake)
[0.150s] -- Found rmw_fastrtps_cpp: 6.2.7 (/opt/ros/humble/share/rmw_fastrtps_cpp/cmake)
[0.217s] -- Using RMW implementation 'rmw_fastrtps_cpp' as default
[0.265s] -- Found DART: /usr/include (Required is at least version "6.6") found components: dart 
[0.283s] -- Found Protobuf: /usr/lib/x86_64-linux-gnu/libprotobuf.so (found version "3.12.4") 
[0.284s] -- Looking for ignition-math6 -- found version 6.15.1
[0.287s] -- Searching for dependencies of ignition-math6
[0.288s] -- Looking for OGRE...
[0.292s] -- Found Ogre Ghadamon (1.9.0)
[0.292s] -- Found OGRE: optimized;/usr/lib/x86_64-linux-gnu/libOgreMain.so;debug;/usr/lib/x86_64-linux-gnu/libOgreMain.so
[0.297s] -- Looking for OGRE_Paging...
[0.298s] -- Found OGRE_Paging: optimized;/usr/lib/x86_64-linux-gnu/libOgrePaging.so;debug;/usr/lib/x86_64-linux-gnu/libOgrePaging.so
[0.298s] -- Looking for OGRE_Terrain...
[0.298s] -- Found OGRE_Terrain: optimized;/usr/lib/x86_64-linux-gnu/libOgreTerrain.so;debug;/usr/lib/x86_64-linux-gnu/libOgreTerrain.so
[0.298s] -- Looking for OGRE_Property...
[0.298s] -- Found OGRE_Property: optimized;/usr/lib/x86_64-linux-gnu/libOgreProperty.so;debug;/usr/lib/x86_64-linux-gnu/libOgreProperty.so
[0.298s] -- Looking for OGRE_RTShaderSystem...
[0.298s] -- Found OGRE_RTShaderSystem: optimized;/usr/lib/x86_64-linux-gnu/libOgreRTShaderSystem.so;debug;/usr/lib/x86_64-linux-gnu/libOgreRTShaderSystem.so
[0.298s] -- Looking for OGRE_Volume...
[0.298s] -- Found OGRE_Volume: optimized;/usr/lib/x86_64-linux-gnu/libOgreVolume.so;debug;/usr/lib/x86_64-linux-gnu/libOgreVolume.so
[0.298s] -- Looking for OGRE_Overlay...
[0.298s] -- Found OGRE_Overlay: optimized;/usr/lib/x86_64-linux-gnu/libOgreOverlay.so;debug;/usr/lib/x86_64-linux-gnu/libOgreOverlay.so
[0.356s] -- Looking for ignition-math6 -- found version 6.15.1
[0.356s] -- Looking for ignition-transport8 -- found version 8.2.1
[0.356s] -- Searching for dependencies of ignition-transport8
[0.371s] -- Found Protobuf: /usr/lib/x86_64-linux-gnu/libprotobuf.so (found suitable version "3.12.4", minimum required is "3") 
[0.378s] -- Config-file not installed for ZeroMQ -- checking for pkg-config
[0.383s] -- Checking for module 'libzmq >= 4'
[0.395s] --   Found libzmq , version 4.3.4
[0.430s] -- Checking for module 'uuid'
[0.442s] --   Found uuid, version 2.37.2
[0.474s] -- Looking for ignition-msgs5 -- found version 5.8.1
[0.474s] -- Searching for dependencies of ignition-msgs5
[0.489s] -- Looking for ignition-math6 -- found version 6.15.1
[0.493s] -- Checking for module 'tinyxml2'
[0.503s] --   Found tinyxml2, version 9.0.0
[0.534s] -- Looking for ignition-msgs5 -- found version 5.8.1
[0.535s] -- Looking for ignition-common3 -- found version 3.14.0
[0.535s] -- Searching for dependencies of ignition-common3
[0.535s] -- Looking for dlfcn.h - found
[0.535s] -- Looking for libdl - found
[0.543s] -- Searching for <ignition-common3> component [graphics]
[0.543s] -- Looking for ignition-common3-graphics -- found version 3.14.0
[0.543s] -- Searching for dependencies of ignition-common3-graphics
[0.543s] -- Looking for ignition-math6 -- found version 6.15.1
[0.544s] -- Looking for ignition-fuel_tools4 -- found version 4.4.0
[0.544s] -- Searching for dependencies of ignition-fuel_tools4
[0.573s] -- Checking for module 'jsoncpp'
[0.585s] --   Found jsoncpp, version 1.9.5
[0.618s] -- Checking for module 'libzip'
[0.631s] --   Found libzip, version 1.7.3
[0.661s] -- Looking for ignition-common3 -- found version 3.14.0
[0.661s] -- Looking for ignition-math6 -- found version 6.15.1
[0.661s] -- Looking for ignition-msgs5 -- found version 5.8.1
[0.662s] -- Found gazebo_ros_pkgs: 3.7.0 (/opt/ros/humble/share/gazebo_ros_pkgs/cmake)
[0.662s] -- Found geometry_msgs: 4.2.4 (/opt/ros/humble/share/geometry_msgs/cmake)
[0.669s] -- Found tf2: 0.25.8 (/opt/ros/humble/share/tf2/cmake)
[0.672s] -- Found ament_lint_auto: 0.12.11 (/opt/ros/humble/share/ament_lint_auto/cmake)
[0.702s] Error parsing '/home/ashy/baja_ws/src/vehicle/package.xml':
[0.730s] Traceback (most recent call last):
[0.731s]   File "/opt/ros/humble/share/ament_cmake_core/cmake/core/package_xml_2_cmake.py", line 150, in <module>
[0.731s]     main()
[0.731s]   File "/opt/ros/humble/share/ament_cmake_core/cmake/core/package_xml_2_cmake.py", line 53, in main
[0.731s]     raise e
[0.731s]   File "/opt/ros/humble/share/ament_cmake_core/cmake/core/package_xml_2_cmake.py", line 49, in main
[0.731s]     package = parse_package_string(
[0.731s]   File "/usr/lib/python3/dist-packages/catkin_pkg/package.py", line 786, in parse_package_string
[0.731s]     raise InvalidPackage('Error(s):%s' % (''.join(['\n- %s' % e for e in errors])), filename)
[0.731s] catkin_pkg.package.InvalidPackage: Error(s) in package '/home/ashy/baja_ws/src/vehicle/package.xml':
[0.731s] Error(s):
[0.731s] - The generic dependency on 'rclpy' is redundant with: exec_depend
[0.742s] [31mCMake Error at /opt/ros/humble/share/ament_cmake_core/cmake/core/ament_package_xml.cmake:95 (message):
[0.742s]   execute_process(/usr/bin/python3
[0.742s]   /opt/ros/humble/share/ament_cmake_core/cmake/core/package_xml_2_cmake.py
[0.742s]   /home/ashy/baja_ws/src/vehicle/package.xml
[0.742s]   /home/ashy/baja_ws/build/vehicle/ament_cmake_core/package.cmake) returned
[0.742s]   error code 1
[0.742s] Call Stack (most recent call first):
[0.742s]   /opt/ros/humble/share/ament_cmake_core/cmake/core/ament_package_xml.cmake:49 (_ament_package_xml)
[0.742s]   /opt/ros/humble/share/ament_cmake_core/cmake/core/ament_package.cmake:63 (ament_package_xml)
[0.742s]   CMakeLists.txt:71 (ament_package)
[0.742s] 
[0.743s] [0m
[0.743s] -- Configuring incomplete, errors occurred!
[0.743s] See also "/home/ashy/baja_ws/build/vehicle/CMakeFiles/CMakeOutput.log".
[0.751s] gmake: *** [Makefile:240: cmake_check_build_system] Error 1
[0.753s] Invoked command in '/home/ashy/baja_ws/build/vehicle' returned '2': /usr/bin/cmake --build /home/ashy/baja_ws/build/vehicle -- -j16 -l16
