[0.010s] Invoking command in '/home/ashy/baja_ws/build/vehicle': /usr/bin/cmake --build /home/ashy/baja_ws/build/vehicle -- -j16 -l16
[0.036s] -- Found ament_cmake: 1.3.10 (/opt/ros/humble/share/ament_cmake/cmake)
[0.124s] -- Found rclcpp: 16.0.10 (/opt/ros/humble/share/rclcpp/cmake)
[0.142s] -- Found rosidl_generator_c: 3.1.5 (/opt/ros/humble/share/rosidl_generator_c/cmake)
[0.143s] -- Found rosidl_adapter: 3.1.5 (/opt/ros/humble/share/rosidl_adapter/cmake)
[0.147s] -- Found rosidl_generator_cpp: 3.1.5 (/opt/ros/humble/share/rosidl_generator_cpp/cmake)
[0.152s] -- Using all available rosidl_typesupport_c: rosidl_typesupport_fastrtps_c;rosidl_typesupport_introspection_c
[0.159s] -- Using all available rosidl_typesupport_cpp: rosidl_typesupport_fastrtps_cpp;rosidl_typesupport_introspection_cpp
[0.178s] -- Found rmw_implementation_cmake: 6.1.2 (/opt/ros/humble/share/rmw_implementation_cmake/cmake)
[0.179s] -- Found rmw_fastrtps_cpp: 6.2.7 (/opt/ros/humble/share/rmw_fastrtps_cpp/cmake)
[0.252s] -- Using RMW implementation 'rmw_fastrtps_cpp' as default
[0.281s] -- Found ament_lint_auto: 0.12.11 (/opt/ros/humble/share/ament_lint_auto/cmake)
[0.313s] Error parsing '/home/ashy/baja_ws/src/vehicle/package.xml':
[0.343s] Traceback (most recent call last):
[0.343s]   File "/opt/ros/humble/share/ament_cmake_core/cmake/core/package_xml_2_cmake.py", line 150, in <module>
[0.343s]     main()
[0.343s]   File "/opt/ros/humble/share/ament_cmake_core/cmake/core/package_xml_2_cmake.py", line 53, in main
[0.343s]     raise e
[0.343s]   File "/opt/ros/humble/share/ament_cmake_core/cmake/core/package_xml_2_cmake.py", line 49, in main
[0.343s]     package = parse_package_string(
[0.343s]   File "/usr/lib/python3/dist-packages/catkin_pkg/package.py", line 786, in parse_package_string
[0.344s]     raise InvalidPackage('Error(s):%s' % (''.join(['\n- %s' % e for e in errors])), filename)
[0.344s] catkin_pkg.package.InvalidPackage: Error(s) in package '/home/ashy/baja_ws/src/vehicle/package.xml':
[0.344s] Error(s):
[0.344s] - The generic dependency on 'std_msgs' is redundant with: exec_depend
[0.355s] [31mCMake Error at /opt/ros/humble/share/ament_cmake_core/cmake/core/ament_package_xml.cmake:95 (message):
[0.355s]   execute_process(/usr/bin/python3
[0.355s]   /opt/ros/humble/share/ament_cmake_core/cmake/core/package_xml_2_cmake.py
[0.355s]   /home/ashy/baja_ws/src/vehicle/package.xml
[0.355s]   /home/ashy/baja_ws/build/vehicle/ament_cmake_core/package.cmake) returned
[0.355s]   error code 1
[0.355s] Call Stack (most recent call first):
[0.355s]   /opt/ros/humble/share/ament_cmake_core/cmake/core/ament_package_xml.cmake:49 (_ament_package_xml)
[0.355s]   /opt/ros/humble/share/ament_lint_auto/cmake/ament_lint_auto_find_test_dependencies.cmake:31 (ament_package_xml)
[0.356s]   CMakeLists.txt:22 (ament_lint_auto_find_test_dependencies)
[0.356s] 
[0.356s] [0m
[0.356s] -- Configuring incomplete, errors occurred!
[0.356s] See also "/home/ashy/baja_ws/build/vehicle/CMakeFiles/CMakeOutput.log".
[0.366s] gmake: *** [Makefile:226: cmake_check_build_system] Error 1
[0.369s] Invoked command in '/home/ashy/baja_ws/build/vehicle' returned '2': /usr/bin/cmake --build /home/ashy/baja_ws/build/vehicle -- -j16 -l16
