[ 50%] [32mBuilding CXX object CMakeFiles/acker.dir/src/ackermann_control.cpp.o[0m
[01m[K/home/ashy/baja_ws/src/vehicle/src/ackermann_control.cpp:2:10:[m[K [01;31m[Kfatal error: [m[Kackermann_msgs/msg/ackermann_drive.hpp: No such file or directory
    2 | #include [01;31m[K"ackermann_msgs/msg/ackermann_drive.hpp"[m[K
      |          [01;31m[K^~~~~~~~~~~~~~~~~~~~~~~~~~~~~~~~~~~~~~~~[m[K
compilation terminated.
gmake[2]: *** [CMakeFiles/acker.dir/build.make:76: CMakeFiles/acker.dir/src/ackermann_control.cpp.o] Error 1
gmake[1]: *** [CMakeFiles/Makefile2:137: CMakeFiles/acker.dir/all] Error 2
gmake: *** [Makefile:146: all] Error 2
